<?xml version="1.0" encoding="UTF-8"?>
<!-- Generated by org.testng.reporters.JUnitXMLReporter -->
<testsuite ignored="0" hostname="DESKTOP-1AJ6O28" failures="0" tests="3" name="Default test" time="77.004" errors="0" timestamp="2025-05-16T16:12:54 IST">
  <testcase classname="com.framework.tests.NSEStockTest" name="testStockInformation" time="25.108"/>
  <testcase classname="com.framework.tests.NSEStockTest" name="testStockInformation" time="22.75"/>
  <testcase classname="com.framework.tests.NSEStockTest" name="testStockInformation" time="22.689"/>
</testsuite> <!-- Default test -->
