<?xml version="1.0" encoding="UTF-8"?>
<!-- Generated by org.testng.reporters.JUnitXMLReporter -->
<testsuite ignored="0" hostname="DESKTOP-1AJ6O28" failures="0" tests="3" name="ChromeTest" time="58.292" errors="0" timestamp="2025-05-21T15:14:20 IST">
  <testcase classname="com.framework.tests.NSEStockTest" name="testStockInformation" time="18.727"/>
  <testcase classname="com.framework.tests.NSEStockTest" name="testStockInformation" time="18.733"/>
  <testcase classname="com.framework.tests.NSEStockTest" name="testStockInformation" time="16.579"/>
</testsuite> <!-- ChromeTest -->
