<?xml version="1.0" encoding="UTF-8"?>
<!-- Generated by org.testng.reporters.JUnitXMLReporter -->
<testsuite ignored="0" hostname="DESKTOP-1AJ6O28" failures="0" tests="3" name="FirefoxTest" time="61.919" errors="0" timestamp="2025-05-21T15:14:24 IST">
  <testcase classname="com.framework.tests.NSEStockTest" name="testStockInformation" time="18.22"/>
  <testcase classname="com.framework.tests.NSEStockTest" name="testStockInformation" time="16.379"/>
  <testcase classname="com.framework.tests.NSEStockTest" name="testStockInformation" time="15.127"/>
</testsuite> <!-- FirefoxTest -->
