<?xml version="1.0" encoding="UTF-8"?>
<testng-results ignored="0" total="9" passed="9" failed="0" skipped="0">
  <reporter-output>
  </reporter-output>
  <suite started-at="2025-05-21T15:13:22 IST" name="ParallelStockSuite" finished-at="2025-05-21T15:14:24 IST" duration-ms="61919">
    <groups>
    </groups>
    <test started-at="2025-05-21T15:13:22 IST" name="ChromeTest" finished-at="2025-05-21T15:14:20 IST" duration-ms="58292">
      <class name="com.framework.tests.NSEStockTest">
        <test-method is-config="true" signature="setUp(java.lang.String)[pri:0, instance:com.framework.tests.NSEStockTest@2e185cd7]" started-at="2025-05-21T15:13:22 IST" name="setUp" finished-at="2025-05-21T15:13:25 IST" duration-ms="2660" status="PASS">
          <params>
            <param index="0">
              <value>
                <![CDATA[chrome]]>
              </value>
            </param>
          </params>
          <reporter-output>
          </reporter-output>
        </test-method> <!-- setUp -->
        <test-method signature="testStockInformation(java.lang.String)[pri:0, instance:com.framework.tests.NSEStockTest@2e185cd7]" started-at="2025-05-21T15:13:25 IST" name="testStockInformation" data-provider="stocks" finished-at="2025-05-21T15:13:43 IST" duration-ms="18727" status="PASS">
          <params>
            <param index="0">
              <value>
                <![CDATA[TATAMOTORS]]>
              </value>
            </param>
          </params>
          <reporter-output>
          </reporter-output>
        </test-method> <!-- testStockInformation -->
        <test-method signature="testStockInformation(java.lang.String)[pri:0, instance:com.framework.tests.NSEStockTest@2e185cd7]" started-at="2025-05-21T15:13:43 IST" name="testStockInformation" data-provider="stocks" finished-at="2025-05-21T15:14:02 IST" duration-ms="18733" status="PASS">
          <params>
            <param index="0">
              <value>
                <![CDATA[INFY]]>
              </value>
            </param>
          </params>
          <reporter-output>
          </reporter-output>
        </test-method> <!-- testStockInformation -->
        <test-method signature="testStockInformation(java.lang.String)[pri:0, instance:com.framework.tests.NSEStockTest@2e185cd7]" started-at="2025-05-21T15:14:02 IST" name="testStockInformation" data-provider="stocks" finished-at="2025-05-21T15:14:19 IST" duration-ms="16579" status="PASS">
          <params>
            <param index="0">
              <value>
                <![CDATA[RELIANCE]]>
              </value>
            </param>
          </params>
          <reporter-output>
          </reporter-output>
        </test-method> <!-- testStockInformation -->
        <test-method is-config="true" signature="tearDown()[pri:0, instance:com.framework.tests.NSEStockTest@2e185cd7]" started-at="2025-05-21T15:14:19 IST" name="tearDown" finished-at="2025-05-21T15:14:20 IST" duration-ms="1487" status="PASS">
          <reporter-output>
          </reporter-output>
        </test-method> <!-- tearDown -->
      </class> <!-- com.framework.tests.NSEStockTest -->
    </test> <!-- ChromeTest -->
    <test started-at="2025-05-21T15:13:22 IST" name="EdgeTest" finished-at="2025-05-21T15:14:22 IST" duration-ms="60325">
      <class name="com.framework.tests.NSEStockTest">
        <test-method is-config="true" signature="setUp(java.lang.String)[pri:0, instance:com.framework.tests.NSEStockTest@5ebd56e9]" started-at="2025-05-21T15:13:22 IST" name="setUp" finished-at="2025-05-21T15:13:28 IST" duration-ms="5509" status="PASS">
          <params>
            <param index="0">
              <value>
                <![CDATA[edge]]>
              </value>
            </param>
          </params>
          <reporter-output>
          </reporter-output>
        </test-method> <!-- setUp -->
        <test-method signature="testStockInformation(java.lang.String)[pri:0, instance:com.framework.tests.NSEStockTest@5ebd56e9]" started-at="2025-05-21T15:13:28 IST" name="testStockInformation" data-provider="stocks" finished-at="2025-05-21T15:13:46 IST" duration-ms="18397" status="PASS">
          <params>
            <param index="0">
              <value>
                <![CDATA[TATAMOTORS]]>
              </value>
            </param>
          </params>
          <reporter-output>
          </reporter-output>
        </test-method> <!-- testStockInformation -->
        <test-method signature="testStockInformation(java.lang.String)[pri:0, instance:com.framework.tests.NSEStockTest@5ebd56e9]" started-at="2025-05-21T15:13:46 IST" name="testStockInformation" data-provider="stocks" finished-at="2025-05-21T15:14:03 IST" duration-ms="17370" status="PASS">
          <params>
            <param index="0">
              <value>
                <![CDATA[INFY]]>
              </value>
            </param>
          </params>
          <reporter-output>
          </reporter-output>
        </test-method> <!-- testStockInformation -->
        <test-method signature="testStockInformation(java.lang.String)[pri:0, instance:com.framework.tests.NSEStockTest@5ebd56e9]" started-at="2025-05-21T15:14:03 IST" name="testStockInformation" data-provider="stocks" finished-at="2025-05-21T15:14:21 IST" duration-ms="17260" status="PASS">
          <params>
            <param index="0">
              <value>
                <![CDATA[RELIANCE]]>
              </value>
            </param>
          </params>
          <reporter-output>
          </reporter-output>
        </test-method> <!-- testStockInformation -->
        <test-method is-config="true" signature="tearDown()[pri:0, instance:com.framework.tests.NSEStockTest@5ebd56e9]" started-at="2025-05-21T15:14:21 IST" name="tearDown" finished-at="2025-05-21T15:14:22 IST" duration-ms="1723" status="PASS">
          <reporter-output>
          </reporter-output>
        </test-method> <!-- tearDown -->
      </class> <!-- com.framework.tests.NSEStockTest -->
    </test> <!-- EdgeTest -->
    <test started-at="2025-05-21T15:13:22 IST" name="FirefoxTest" finished-at="2025-05-21T15:14:24 IST" duration-ms="61919">
      <class name="com.framework.tests.NSEStockTest">
        <test-method is-config="true" signature="setUp(java.lang.String)[pri:0, instance:com.framework.tests.NSEStockTest@1a6f2363]" started-at="2025-05-21T15:13:22 IST" name="setUp" finished-at="2025-05-21T15:13:33 IST" duration-ms="10567" status="PASS">
          <params>
            <param index="0">
              <value>
                <![CDATA[firefox]]>
              </value>
            </param>
          </params>
          <reporter-output>
          </reporter-output>
        </test-method> <!-- setUp -->
        <test-method signature="testStockInformation(java.lang.String)[pri:0, instance:com.framework.tests.NSEStockTest@1a6f2363]" started-at="2025-05-21T15:13:33 IST" name="testStockInformation" data-provider="stocks" finished-at="2025-05-21T15:13:51 IST" duration-ms="18220" status="PASS">
          <params>
            <param index="0">
              <value>
                <![CDATA[TATAMOTORS]]>
              </value>
            </param>
          </params>
          <reporter-output>
          </reporter-output>
        </test-method> <!-- testStockInformation -->
        <test-method signature="testStockInformation(java.lang.String)[pri:0, instance:com.framework.tests.NSEStockTest@1a6f2363]" started-at="2025-05-21T15:13:51 IST" name="testStockInformation" data-provider="stocks" finished-at="2025-05-21T15:14:07 IST" duration-ms="16379" status="PASS">
          <params>
            <param index="0">
              <value>
                <![CDATA[INFY]]>
              </value>
            </param>
          </params>
          <reporter-output>
          </reporter-output>
        </test-method> <!-- testStockInformation -->
        <test-method signature="testStockInformation(java.lang.String)[pri:0, instance:com.framework.tests.NSEStockTest@1a6f2363]" started-at="2025-05-21T15:14:07 IST" name="testStockInformation" data-provider="stocks" finished-at="2025-05-21T15:14:22 IST" duration-ms="15127" status="PASS">
          <params>
            <param index="0">
              <value>
                <![CDATA[RELIANCE]]>
              </value>
            </param>
          </params>
          <reporter-output>
          </reporter-output>
        </test-method> <!-- testStockInformation -->
        <test-method is-config="true" signature="tearDown()[pri:0, instance:com.framework.tests.NSEStockTest@1a6f2363]" started-at="2025-05-21T15:14:22 IST" name="tearDown" finished-at="2025-05-21T15:14:24 IST" duration-ms="1560" status="PASS">
          <reporter-output>
          </reporter-output>
        </test-method> <!-- tearDown -->
      </class> <!-- com.framework.tests.NSEStockTest -->
    </test> <!-- FirefoxTest -->
  </suite> <!-- ParallelStockSuite -->
</testng-results>
